[1] 13187
[1]  + Done                          /etc/init.d/iptables restart >& /dev/null
MPI_RTT

PBS JOB id is 285039.arcs.csc.ncsu.edu
PBS_NODEFILE is /opt/torque/aux//285039.arcs.csc.ncsu.edu
PBS_QUEUE is default

compute-0-55.local

compute-0-55.local
compute-0-57.local
compute-0-103.local
compute-0-105.local
compute-0-106.local
compute-0-3.local
compute-0-4.local
compute-0-33.local
compute-0-34.local
compute-0-36.local
compute-0-5.local
compute-0-8.local
compute-0-11.local
compute-0-35.local
compute-0-38.local
compute-0-41.local
NPROCS: 16

32 9.192361e-06 9.544099e-07 1.022551e-05 2.989372e-06 9.192361e-06 9.275617e-07 8.238686e-06 1.557794e-06 9.245343e-06 1.088388e-06 8.344650e-05 2.112425e-04 6.024043e-05 1.480635e-04 5.769730e-05 1.436460e-04 
64 8.768506e-06 6.628034e-07 8.185705e-06 9.668291e-07 1.022551e-05 1.062944e-06 7.761849e-06 1.236875e-06 6.887648e-06 5.669312e-07 8.477105e-06 6.564199e-07 5.677011e-05 9.796824e-05 6.569756e-06 7.118134e-07 
128 1.067585e-05 2.577122e-06 9.536743e-06 7.370010e-07 9.907617e-06 1.018438e-06 8.450614e-06 5.040248e-07 8.768506e-06 2.071721e-06 9.801653e-06 3.964803e-07 9.669198e-06 3.084348e-06 8.000268e-06 6.846771e-07 
256 1.210637e-05 3.318461e-06 9.404288e-06 5.518772e-07 1.064936e-05 4.495664e-07 9.112888e-06 5.594548e-07 8.212196e-06 5.632054e-07 9.907617e-06 5.403115e-07 8.662542e-06 4.634024e-07 8.106232e-06 9.130736e-07 
512 1.131164e-05 6.659722e-07 1.279513e-05 5.774785e-06 1.231829e-05 1.060300e-06 9.801653e-06 7.492773e-07 9.245343e-06 4.171799e-07 1.099375e-05 4.557676e-07 9.563234e-06 5.081846e-07 9.563234e-06 5.081846e-07 
1024 1.605352e-05 4.584696e-06 1.366933e-05 6.836514e-07 1.419915e-05 6.368857e-07 1.189444e-05 9.092226e-07 1.245075e-05 1.666195e-06 1.377530e-05 6.628034e-07 1.155006e-05 6.564199e-07 1.321899e-05 6.301061e-06 
2048 1.491441e-05 4.921047e-06 1.735157e-05 7.088496e-07 1.835823e-05 7.196574e-07 1.655685e-05 2.105989e-06 1.512633e-05 1.146786e-06 1.809332e-05 9.433160e-07 1.502037e-05 6.836514e-07 1.600054e-05 4.686129e-06 
4096 1.544423e-05 4.738846e-07 1.902050e-05 5.123107e-07 2.564324e-05 3.398078e-06 2.034505e-05 4.495664e-07 1.962980e-05 1.482547e-06 2.368291e-05 6.456406e-07 2.042452e-05 2.690365e-06 1.888805e-05 2.926021e-07 
8192 2.211995e-05 8.616689e-07 2.211995e-05 2.092953e-06 3.756417e-05 2.810040e-06 3.110038e-05 2.217025e-06 3.465017e-05 1.976559e-05 3.732575e-05 4.777781e-06 2.935198e-05 1.103754e-06 2.966987e-05 4.727281e-06 
16384 2.598763e-05 2.638212e-06 2.635850e-05 4.223459e-06 3.520648e-05 4.049218e-06 2.845128e-05 2.319736e-06 2.755059e-05 3.917796e-06 4.087554e-05 1.223630e-05 3.189511e-05 5.456236e-06 2.633201e-05 4.425020e-06 
32768 3.819995e-05 3.146519e-06 3.700786e-05 3.278249e-06 3.923310e-05 3.612496e-06 3.923310e-05 2.652801e-06 3.918012e-05 3.247709e-06 4.834599e-05 4.342416e-06 4.267693e-05 3.949729e-06 3.745821e-05 4.193945e-06 
65536 5.989605e-05 2.258422e-06 5.886290e-05 2.148545e-06 6.209479e-05 2.727925e-06 6.190936e-05 2.063235e-06 6.108814e-05 2.795768e-06 7.510185e-05 4.640834e-06 6.657177e-05 1.106288e-05 5.933974e-05 1.661133e-06 
131072 1.075533e-04 3.406123e-06 1.054605e-04 3.194769e-06 1.075533e-04 2.160272e-06 1.097785e-04 3.234284e-06 1.085599e-04 3.196746e-06 1.079771e-04 6.993110e-06 1.097520e-04 4.933722e-06 1.067850e-04 2.393293e-06 
262144 2.012253e-04 2.633419e-06 2.010134e-04 5.002934e-06 2.051195e-04 7.557029e-06 2.050135e-04 4.579795e-06 2.014372e-04 4.379588e-06 1.997948e-04 1.988410e-06 2.046691e-04 5.921780e-06 2.061261e-04 1.201019e-05 
524288 3.943178e-04 1.701441e-05 3.936556e-04 7.775715e-06 3.914303e-04 6.507830e-06 3.903177e-04 3.820396e-06 3.888872e-04 3.219278e-06 3.905296e-04 9.132120e-06 3.936556e-04 1.259811e-05 3.875626e-04 5.960052e-06 
1048576 7.678933e-04 1.085890e-05 7.624626e-04 7.254266e-06 7.645289e-04 6.689897e-06 7.641051e-04 3.881083e-06 7.620123e-04 4.648238e-06 7.639726e-04 6.943763e-06 7.610056e-04 5.180319e-06 7.647673e-04 7.034134e-06 
2097152 1.503415e-03 9.239230e-06 1.501322e-03 5.254833e-06 1.505136e-03 7.667381e-06 1.503574e-03 5.782557e-06 1.500209e-03 3.377363e-06 1.501693e-03 7.260455e-06 1.503918e-03 1.677327e-05 1.500765e-03 8.312420e-06 
[1] 13555
[1]  + Done                          /etc/init.d/iptables restart > /dev/null
